<?xml version="1.0" encoding="UTF-8"?>
<!-- Generated by org.testng.reporters.JUnitXMLReporter -->
<testsuite ignored="3" hostname="DESKTOP-GJNVS03" failures="0" tests="1" name="Default test" time="52.808" errors="0" timestamp="2025-04-30T15:30:46 IST">
  <testcase classname="com.comcast.crm.contacttest.CreateContactTest" name="createContactTest" time="14.572"/>
  <testcase classname="com.comcast.crm.contacttest.CreateContactTest" name="createContactAndDelete" time="0.0">
    <ignored/>
  </testcase> <!-- createContactAndDelete -->
  <testcase classname="com.comcast.crm.contacttest.CreateContactTest" name="createContactWithSupportDateTest" time="0.0">
    <ignored/>
  </testcase> <!-- createContactWithSupportDateTest -->
  <testcase classname="com.comcast.crm.contacttest.CreateContactTest" name="createContactWithOrgTest" time="0.0">
    <ignored/>
  </testcase> <!-- createContactWithOrgTest -->
</testsuite> <!-- Default test -->
