<?xml version="1.0" encoding="UTF-8"?>
<!-- Generated by org.testng.reporters.JUnitXMLReporter -->
<testsuite ignored="0" hostname="DESKTOP-GJNVS03" failures="0" tests="4" name="TestRunner-2" time="202.875" errors="0" timestamp="2025-04-26T11:00:32 IST">
  <testcase classname="com.comcast.crm.orgtest.CreateOrgTest" name="createOrgAndDelete" time="0.001">
    <skipped/>
  </testcase> <!-- createOrgAndDelete -->
  <testcase classname="com.comcast.crm.orgtest.CreateOrgTest" name="createOrgTest" time="0.0">
    <skipped/>
  </testcase> <!-- createOrgTest -->
  <testcase classname="com.comcast.crm.orgtest.CreateOrgTest" name="createOrgWithIndustry" time="0.002">
    <skipped/>
  </testcase> <!-- createOrgWithIndustry -->
  <testcase classname="com.comcast.crm.orgtest.CreateOrgTest" name="createOrgWithPhoneNumTest" time="0.0">
    <skipped/>
  </testcase> <!-- createOrgWithPhoneNumTest -->
</testsuite> <!-- TestRunner-2 -->
