<?xml version="1.0" encoding="UTF-8"?>
<!-- Generated by org.testng.reporters.JUnitXMLReporter -->
<testsuite ignored="0" hostname="DESKTOP-GJNVS03" failures="0" tests="4" name="TestRunner-1" time="143.167" errors="0" timestamp="2025-04-26T10:59:32 IST">
  <testcase classname="com.comcast.crm.contacttest.CreateContactTest" name="createContactAndDelete" time="25.841"/>
  <testcase classname="com.comcast.crm.contacttest.CreateContactTest" name="createContactTest" time="4.635"/>
  <testcase classname="com.comcast.crm.contacttest.CreateContactTest" name="createContactWithOrgTest" time="14.83"/>
  <testcase classname="com.comcast.crm.contacttest.CreateContactTest" name="createContactWithSupportDateTest" time="7.184"/>
</testsuite> <!-- TestRunner-1 -->
