<?xml version="1.0" encoding="UTF-8"?>
<!-- Generated by org.testng.reporters.JUnitXMLReporter -->
<testsuite ignored="3" hostname="DESKTOP-GJNVS03" failures="1" tests="1" name="Test" time="38.148" errors="0" timestamp="2025-05-07T13:04:40 IST">
  <testcase classname="com.comcast.crm.orgtest.CreateOrgTest" name="createOrgTest" time="16.042">
    <failure type="java.lang.AssertionError" message="null">
      <![CDATA[java.lang.AssertionError: null
at com.comcast.crm.orgtest.CreateOrgTest.createOrgTest(CreateOrgTest.java:45)
at java.base/java.util.ArrayList.forEach(ArrayList.java:1596)
... Removed 27 stack frames]]>
    </failure>
  </testcase> <!-- createOrgTest -->
  <testcase classname="com.comcast.crm.orgtest.CreateOrgTest" name="createOrgWithPhoneNumTest" time="0.0">
    <ignored/>
  </testcase> <!-- createOrgWithPhoneNumTest -->
  <testcase classname="com.comcast.crm.orgtest.CreateOrgTest" name="createOrgWithIndustry" time="0.0">
    <ignored/>
  </testcase> <!-- createOrgWithIndustry -->
  <testcase classname="com.comcast.crm.orgtest.CreateOrgTest" name="createOrgAndDelete" time="0.0">
    <ignored/>
  </testcase> <!-- createOrgAndDelete -->
</testsuite> <!-- Test -->
