<?xml version="1.0" encoding="UTF-8"?>
<!-- Generated by org.testng.reporters.JUnitXMLReporter -->
<testsuite ignored="0" hostname="DESKTOP-GJNVS03" failures="0" tests="4" name="Test-1" time="85.784" errors="0" timestamp="2025-04-21T12:12:50 IST">
  <testcase classname="com.comcast.crm.orgtest.CreateOrgTest" name="createOrgAndDelete" time="24.895"/>
  <testcase classname="com.comcast.crm.orgtest.CreateOrgTest" name="createOrgTest" time="5.575"/>
  <testcase classname="com.comcast.crm.orgtest.CreateOrgTest" name="createOrgWithIndustry" time="5.671"/>
  <testcase classname="com.comcast.crm.orgtest.CreateOrgTest" name="createOrgWithPhoneNumTest" time="6.366"/>
</testsuite> <!-- Test-1 -->
