<?xml version="1.0" encoding="UTF-8"?>
<!-- Generated by org.testng.reporters.JUnitXMLReporter -->
<testsuite ignored="0" hostname="DESKTOP-GJNVS03" failures="0" tests="4" name="Test" time="102.9" errors="0" timestamp="2025-04-24T15:03:53 IST">
  <testcase classname="com.comcast.crm.orgtest.CreateOrgTest" name="createOrgAndDelete" time="21.05"/>
  <testcase classname="com.comcast.crm.orgtest.CreateOrgTest" name="createOrgTest" time="5.927"/>
  <testcase classname="com.comcast.crm.orgtest.CreateOrgTest" name="createOrgWithIndustry" time="4.544"/>
  <testcase classname="com.comcast.crm.orgtest.CreateOrgTest" name="createOrgWithPhoneNumTest" time="4.578"/>
</testsuite> <!-- Test -->
