<?xml version="1.0" encoding="UTF-8"?>
<!-- Generated by org.testng.reporters.JUnitXMLReporter -->
<testsuite ignored="0" hostname="DESKTOP-GJNVS03" failures="0" tests="4" name="Test-2" time="85.784" errors="0" timestamp="2025-04-21T12:12:50 IST">
  <testcase classname="com.comcast.crm.contacttest.CreateContactTest" name="createContactAndDelete" time="24.865"/>
  <testcase classname="com.comcast.crm.contacttest.CreateContactTest" name="createContactTest" time="5.287"/>
  <testcase classname="com.comcast.crm.contacttest.CreateContactTest" name="createContactWithOrgTest" time="16.029"/>
  <testcase classname="com.comcast.crm.contacttest.CreateContactTest" name="createContactWithSupportDateTest" time="5.613"/>
</testsuite> <!-- Test-2 -->
