<?xml version="1.0" encoding="UTF-8"?>
<testng-results ignored="3" total="4" passed="1" failed="0" skipped="0">
  <reporter-output>
  </reporter-output>
  <suite started-at="2025-04-30T15:29:53 IST" name="Default suite" finished-at="2025-04-30T15:30:46 IST" duration-ms="52808">
    <groups>
      <group name="smokeTest">
        <method signature="CreateContactTest.createContactTest()[pri:0, instance:com.comcast.crm.contacttest.CreateContactTest@6771beb3]" name="createContactTest" class="com.comcast.crm.contacttest.CreateContactTest"/>
      </group> <!-- smokeTest -->
    </groups>
    <test started-at="2025-04-30T15:29:53 IST" name="Default test" finished-at="2025-04-30T15:30:46 IST" duration-ms="52808">
      <class name="com.comcast.crm.contacttest.CreateContactTest">
        <test-method is-config="true" signature="beforeSuite()[pri:0, instance:com.comcast.crm.contacttest.CreateContactTest@6771beb3]" started-at="2025-04-30T15:29:53 IST" name="beforeSuite" finished-at="2025-04-30T15:29:53 IST" duration-ms="427" status="PASS">
          <reporter-output>
          </reporter-output>
        </test-method> <!-- beforeSuite -->
        <test-method is-config="true" signature="beforeClass()[pri:0, instance:com.comcast.crm.contacttest.CreateContactTest@6771beb3]" started-at="2025-04-30T15:29:53 IST" name="beforeClass" finished-at="2025-04-30T15:30:26 IST" duration-ms="32122" status="PASS">
          <reporter-output>
          </reporter-output>
        </test-method> <!-- beforeClass -->
        <test-method is-config="true" signature="beforeMethod()[pri:0, instance:com.comcast.crm.contacttest.CreateContactTest@6771beb3]" started-at="2025-04-30T15:30:26 IST" name="beforeMethod" finished-at="2025-04-30T15:30:29 IST" duration-ms="3091" status="PASS">
          <reporter-output>
          </reporter-output>
        </test-method> <!-- beforeMethod -->
        <test-method signature="createContactTest()[pri:0, instance:com.comcast.crm.contacttest.CreateContactTest@6771beb3]" started-at="2025-04-30T15:30:29 IST" name="createContactTest" finished-at="2025-04-30T15:30:43 IST" duration-ms="14572" status="PASS">
          <reporter-output>
          </reporter-output>
        </test-method> <!-- createContactTest -->
        <test-method is-config="true" signature="afterMethod()[pri:0, instance:com.comcast.crm.contacttest.CreateContactTest@6771beb3]" started-at="2025-04-30T15:30:43 IST" name="afterMethod" finished-at="2025-04-30T15:30:44 IST" duration-ms="1193" status="PASS">
          <reporter-output>
          </reporter-output>
        </test-method> <!-- afterMethod -->
        <test-method is-config="true" signature="afterClass()[pri:0, instance:com.comcast.crm.contacttest.CreateContactTest@6771beb3]" started-at="2025-04-30T15:30:45 IST" name="afterClass" finished-at="2025-04-30T15:30:46 IST" duration-ms="1621" status="PASS">
          <reporter-output>
          </reporter-output>
        </test-method> <!-- afterClass -->
        <test-method is-config="true" signature="afterSuite()[pri:0, instance:com.comcast.crm.contacttest.CreateContactTest@6771beb3]" started-at="2025-04-30T15:30:47 IST" name="afterSuite" finished-at="2025-04-30T15:30:47 IST" duration-ms="75" status="PASS">
          <reporter-output>
          </reporter-output>
        </test-method> <!-- afterSuite -->
      </class> <!-- com.comcast.crm.contacttest.CreateContactTest -->
    </test> <!-- Default test -->
  </suite> <!-- Default suite -->
</testng-results>
