<?xml version="1.0" encoding="UTF-8"?>
<testng-results ignored="0" total="1" passed="1" failed="0" skipped="0">
  <reporter-output>
  </reporter-output>
  <suite started-at="2025-06-16T15:50:13 IST" name="Default suite" finished-at="2025-06-16T15:50:55 IST" duration-ms="41585">
    <groups>
    </groups>
    <test started-at="2025-06-16T15:50:13 IST" name="Default test" finished-at="2025-06-16T15:50:55 IST" duration-ms="41585">
      <class name="praticeTest.BookBusTest">
        <test-method signature="bookBusTickect()[pri:0, instance:praticeTest.BookBusTest@1623b78d]" started-at="2025-06-16T15:50:13 IST" name="bookBusTickect" finished-at="2025-06-16T15:50:55 IST" duration-ms="41428" status="PASS">
          <reporter-output>
          </reporter-output>
        </test-method> <!-- bookBusTickect -->
      </class> <!-- praticeTest.BookBusTest -->
    </test> <!-- Default test -->
  </suite> <!-- Default suite -->
</testng-results>
